This is pdfTeX, Version 3.14159265-2.6-1.40.17 (MiKTeX 2.9 64-bit) (preloaded format=pdflatex 2016.11.13)  5 DEC 2016 18:06
entering extended mode
**./GroupReportDNSC6211_Group2.tex
(GroupReportDNSC6211_Group2.tex
LaTeX2e <2016/03/31> patch level 3
Babel <3.9r> and hyphenation patterns for 75 language(s) loaded.
("C:\Program Files\MiKTeX 2.9\tex\latex\base\article.cls"
Document Class: article 2014/09/29 v1.4h Standard LaTeX document class
("C:\Program Files\MiKTeX 2.9\tex\latex\base\size10.clo"
File: size10.clo 2014/09/29 v1.4h Standard LaTeX file (size option)
)
\c@part=\count79
\c@section=\count80
\c@subsection=\count81
\c@subsubsection=\count82
\c@paragraph=\count83
\c@subparagraph=\count84
\c@figure=\count85
\c@table=\count86
\abovecaptionskip=\skip41
\belowcaptionskip=\skip42
\bibindent=\dimen102
)
("C:\Program Files\MiKTeX 2.9\tex\latex\geometry\geometry.sty"
Package: geometry 2010/09/12 v5.6 Page Geometry

("C:\Program Files\MiKTeX 2.9\tex\latex\graphics\keyval.sty"
Package: keyval 2014/10/28 v1.15 key=value parser (DPC)
\KV@toks@=\toks14
)
("C:\Program Files\MiKTeX 2.9\tex\generic\oberdiek\ifpdf.sty"
Package: ifpdf 2016/05/14 v3.1 Provides the ifpdf switch
)
("C:\Program Files\MiKTeX 2.9\tex\generic\oberdiek\ifvtex.sty"
Package: ifvtex 2016/05/16 v1.6 Detect VTeX and its facilities (HO)
Package ifvtex Info: VTeX not detected.
)
("C:\Program Files\MiKTeX 2.9\tex\generic\ifxetex\ifxetex.sty"
Package: ifxetex 2010/09/12 v0.6 Provides ifxetex conditional
)
\Gm@cnth=\count87
\Gm@cntv=\count88
\c@Gm@tempcnt=\count89
\Gm@bindingoffset=\dimen103
\Gm@wd@mp=\dimen104
\Gm@odd@mp=\dimen105
\Gm@even@mp=\dimen106
\Gm@layoutwidth=\dimen107
\Gm@layoutheight=\dimen108
\Gm@layouthoffset=\dimen109
\Gm@layoutvoffset=\dimen110
\Gm@dimlist=\toks15

("C:\Program Files\MiKTeX 2.9\tex\latex\geometry\geometry.cfg"))
("C:\Program Files\MiKTeX 2.9\tex\latex\base\doc.sty"
Package: doc 2016/02/15 v2.1g Standard LaTeX documentation package (FMi)
\c@StandardModuleDepth=\count90
\guard@level=\count91
\MacrocodeTopsep=\skip43
\MacroIndent=\dimen111
\macro@cnt=\count92
\MacroTopsep=\skip44
\index@excludelist=\toks16

("C:\Program Files\MiKTeX 2.9\tex\latex\tools\multicol.sty"
Package: multicol 2016/04/07 v1.8p multicolumn formatting (FMi)
\c@tracingmulticols=\count93
\mult@box=\box26
\multicol@leftmargin=\dimen112
\c@unbalance=\count94
\c@collectmore=\count95
\doublecol@number=\count96
\multicoltolerance=\count97
\multicolpretolerance=\count98
\full@width=\dimen113
\page@free=\dimen114
\premulticols=\dimen115
\postmulticols=\dimen116
\multicolsep=\skip45
\multicolbaselineskip=\skip46
\partial@page=\box27
\last@line=\box28
\maxbalancingoverflow=\dimen117
\mult@rightbox=\box29
\mult@grightbox=\box30
\mult@gfirstbox=\box31
\mult@firstbox=\box32
\@tempa=\box33
\@tempa=\box34
\@tempa=\box35
\@tempa=\box36
\@tempa=\box37
\@tempa=\box38
\@tempa=\box39
\@tempa=\box40
\@tempa=\box41
\@tempa=\box42
\@tempa=\box43
\@tempa=\box44
\@tempa=\box45
\@tempa=\box46
\@tempa=\box47
\@tempa=\box48
\@tempa=\box49
\c@columnbadness=\count99
\c@finalcolumnbadness=\count100
\last@try=\dimen118
\multicolovershoot=\dimen119
\multicolundershoot=\dimen120
\mult@nat@firstbox=\box50
\colbreak@box=\box51
\mc@col@check@num=\count101
)
\IndexMin=\dimen121
\c@IndexColumns=\count102
\GlossaryMin=\dimen122
\c@GlossaryColumns=\count103
\l@nohyphenation=\language75
\check@sum=\count104
\bslash@cnt=\count105
\wrong@table=\toks17
\c@CodelineNo=\count106
)
("C:\Program Files\MiKTeX 2.9\tex\latex\hyperref\hyperref.sty"
Package: hyperref 2016/06/24 v6.83q Hypertext links for LaTeX

("C:\Program Files\MiKTeX 2.9\tex\generic\oberdiek\hobsub-hyperref.sty"
Package: hobsub-hyperref 2016/05/16 v1.14 Bundle oberdiek, subset hyperref (HO)


("C:\Program Files\MiKTeX 2.9\tex\generic\oberdiek\hobsub-generic.sty"
Package: hobsub-generic 2016/05/16 v1.14 Bundle oberdiek, subset generic (HO)
Package: hobsub 2016/05/16 v1.14 Construct package bundles (HO)
Package: infwarerr 2016/05/16 v1.4 Providing info/warning/error messages (HO)
Package: ltxcmds 2016/05/16 v1.23 LaTeX kernel commands for general use (HO)
Package: ifluatex 2016/05/16 v1.4 Provides the ifluatex switch (HO)
Package ifluatex Info: LuaTeX not detected.
Package hobsub Info: Skipping package `ifvtex' (already loaded).
Package: intcalc 2016/05/16 v1.2 Expandable calculations with integers (HO)
Package hobsub Info: Skipping package `ifpdf' (already loaded).
Package: etexcmds 2016/05/16 v1.6 Avoid name clashes with e-TeX commands (HO)
Package etexcmds Info: Could not find \expanded.
(etexcmds)             That can mean that you are not using pdfTeX 1.50 or
(etexcmds)             that some package has redefined \expanded.
(etexcmds)             In the latter case, load this package earlier.
Package: kvsetkeys 2016/05/16 v1.17 Key value parser (HO)
Package: kvdefinekeys 2016/05/16 v1.4 Define keys (HO)
Package: pdftexcmds 2016/05/21 v0.22 Utility functions of pdfTeX for LuaTeX (HO
)
Package pdftexcmds Info: LuaTeX not detected.
Package pdftexcmds Info: \pdf@primitive is available.
Package pdftexcmds Info: \pdf@ifprimitive is available.
Package pdftexcmds Info: \pdfdraftmode found.
Package: pdfescape 2016/05/16 v1.14 Implements pdfTeX's escape features (HO)
Package: bigintcalc 2016/05/16 v1.4 Expandable calculations on big integers (HO
)
Package: bitset 2016/05/16 v1.2 Handle bit-vector datatype (HO)
Package: uniquecounter 2016/05/16 v1.3 Provide unlimited unique counter (HO)
)
Package hobsub Info: Skipping package `hobsub' (already loaded).
Package: letltxmacro 2016/05/16 v1.5 Let assignment for LaTeX macros (HO)
Package: hopatch 2016/05/16 v1.3 Wrapper for package hooks (HO)
Package: xcolor-patch 2016/05/16 xcolor patch
Package: atveryend 2016/05/16 v1.9 Hooks at the very end of document (HO)
Package atveryend Info: \enddocument detected (standard20110627).
Package: atbegshi 2016/06/09 v1.18 At begin shipout hook (HO)
Package: refcount 2016/05/16 v3.5 Data extraction from label references (HO)
Package: hycolor 2016/05/16 v1.8 Color options for hyperref/bookmark (HO)
)
("C:\Program Files\MiKTeX 2.9\tex\latex\oberdiek\auxhook.sty"
Package: auxhook 2016/05/16 v1.4 Hooks for auxiliary files (HO)
)
("C:\Program Files\MiKTeX 2.9\tex\latex\oberdiek\kvoptions.sty"
Package: kvoptions 2016/05/16 v3.12 Key value format for package options (HO)
)
\@linkdim=\dimen123
\Hy@linkcounter=\count107
\Hy@pagecounter=\count108

("C:\Program Files\MiKTeX 2.9\tex\latex\hyperref\pd1enc.def"
File: pd1enc.def 2016/06/24 v6.83q Hyperref: PDFDocEncoding definition (HO)
)
\Hy@SavedSpaceFactor=\count109

("C:\Program Files\MiKTeX 2.9\tex\latex\00miktex\hyperref.cfg"
File: hyperref.cfg 2002/06/06 v1.2 hyperref configuration of TeXLive
)
Package hyperref Info: Hyper figures OFF on input line 4486.
Package hyperref Info: Link nesting OFF on input line 4491.
Package hyperref Info: Hyper index ON on input line 4494.
Package hyperref Info: Plain pages OFF on input line 4501.
Package hyperref Info: Backreferencing OFF on input line 4506.
Package hyperref Info: Implicit mode ON; LaTeX internals redefined.
Package hyperref Info: Bookmarks ON on input line 4735.
\c@Hy@tempcnt=\count110

("C:\Program Files\MiKTeX 2.9\tex\latex\url\url.sty"
\Urlmuskip=\muskip10
Package: url 2013/09/16  ver 3.4  Verb mode for urls, etc.
)
LaTeX Info: Redefining \url on input line 5088.
\XeTeXLinkMargin=\dimen124
\Fld@menulength=\count111
\Field@Width=\dimen125
\Fld@charsize=\dimen126
Package hyperref Info: Hyper figures OFF on input line 6342.
Package hyperref Info: Link nesting OFF on input line 6347.
Package hyperref Info: Hyper index ON on input line 6350.
Package hyperref Info: backreferencing OFF on input line 6357.
Package hyperref Info: Link coloring OFF on input line 6362.
Package hyperref Info: Link coloring with OCG OFF on input line 6367.
Package hyperref Info: PDF/A mode OFF on input line 6372.
LaTeX Info: Redefining \ref on input line 6412.
LaTeX Info: Redefining \pageref on input line 6416.
\Hy@abspage=\count112
\c@Item=\count113
\c@Hfootnote=\count114
)

Package hyperref Message: Driver (autodetected): hpdftex.

("C:\Program Files\MiKTeX 2.9\tex\latex\hyperref\hpdftex.def"
File: hpdftex.def 2016/06/24 v6.83q Hyperref driver for pdfTeX
\Fld@listcount=\count115
\c@bookmark@seq@number=\count116

("C:\Program Files\MiKTeX 2.9\tex\latex\oberdiek\rerunfilecheck.sty"
Package: rerunfilecheck 2016/05/16 v1.8 Rerun checks for auxiliary files (HO)
Package uniquecounter Info: New unique counter `rerunfilecheck' on input line 2
82.
)
\Hy@SectionHShift=\skip47
)
("C:\Program Files\MiKTeX 2.9\tex\latex\caption\caption.sty"
Package: caption 2016/02/21 v3.3-144 Customizing captions (AR)

("C:\Program Files\MiKTeX 2.9\tex\latex\caption\caption3.sty"
Package: caption3 2016/05/22 v1.7-166 caption3 kernel (AR)
Package caption3 Info: TeX engine: e-TeX on input line 67.
\captionmargin=\dimen127
\captionmargin@=\dimen128
\captionwidth=\dimen129
\caption@tempdima=\dimen130
\caption@indent=\dimen131
\caption@parindent=\dimen132
\caption@hangindent=\dimen133
)
\c@ContinuedFloat=\count117
Package caption Info: hyperref package is loaded.
)
("C:\Program Files\MiKTeX 2.9\tex\latex\graphics\graphicx.sty"
Package: graphicx 2014/10/28 v1.0g Enhanced LaTeX Graphics (DPC,SPQR)

("C:\Program Files\MiKTeX 2.9\tex\latex\graphics\graphics.sty"
Package: graphics 2016/07/10 v1.0t Standard LaTeX Graphics (DPC,SPQR)

("C:\Program Files\MiKTeX 2.9\tex\latex\graphics\trig.sty"
Package: trig 2016/01/03 v1.10 sin cos tan (DPC)
)
("C:\Program Files\MiKTeX 2.9\tex\latex\00miktex\graphics.cfg"
File: graphics.cfg 2016/06/04 v1.11 sample graphics configuration
)
Package graphics Info: Driver file: pdftex.def on input line 99.

("C:\Program Files\MiKTeX 2.9\tex\latex\graphics-def\pdftex.def"
File: pdftex.def 2016/07/10 v0.06j Graphics/color for pdfTeX
\Gread@gobject=\count118
))
\Gin@req@height=\dimen134
\Gin@req@width=\dimen135
)
("C:\Program Files\MiKTeX 2.9\tex\latex\oberdiek\epstopdf.sty"
Package: epstopdf 2016/05/15 v2.6 Conversion with epstopdf on the fly (HO)

("C:\Program Files\MiKTeX 2.9\tex\latex\oberdiek\epstopdf-base.sty"
Package: epstopdf-base 2016/05/15 v2.6 Base part for package epstopdf

("C:\Program Files\MiKTeX 2.9\tex\latex\oberdiek\grfext.sty"
Package: grfext 2016/05/16 v1.2 Manage graphics extensions (HO)
)
Package epstopdf-base Info: Redefining graphics rule for `.eps' on input line 4
38.
Package grfext Info: Graphics extension search list:
(grfext)             [.png,.pdf,.jpg,.mps,.jpeg,.jbig2,.jb2,.PNG,.PDF,.JPG,.JPE
G,.JBIG2,.JB2,.eps]
(grfext)             \AppendGraphicsExtensions on input line 456.
))
(GroupReportDNSC6211_Group2.aux)
\openout1 = `GroupReportDNSC6211_Group2.aux'.

LaTeX Font Info:    Checking defaults for OML/cmm/m/it on input line 48.
LaTeX Font Info:    ... okay on input line 48.
LaTeX Font Info:    Checking defaults for T1/cmr/m/n on input line 48.
LaTeX Font Info:    ... okay on input line 48.
LaTeX Font Info:    Checking defaults for OT1/cmr/m/n on input line 48.
LaTeX Font Info:    ... okay on input line 48.
LaTeX Font Info:    Checking defaults for OMS/cmsy/m/n on input line 48.
LaTeX Font Info:    ... okay on input line 48.
LaTeX Font Info:    Checking defaults for OMX/cmex/m/n on input line 48.
LaTeX Font Info:    ... okay on input line 48.
LaTeX Font Info:    Checking defaults for U/cmr/m/n on input line 48.
LaTeX Font Info:    ... okay on input line 48.
LaTeX Font Info:    Checking defaults for PD1/pdf/m/n on input line 48.
LaTeX Font Info:    ... okay on input line 48.

*geometry* driver: auto-detecting
*geometry* detected driver: pdftex
*geometry* verbose mode - [ preamble ] result:
* driver: pdftex
* paper: letterpaper
* layout: <same size as paper>
* layoutoffset:(h,v)=(0.0pt,0.0pt)
* modes: 
* h-part:(L,W,R)=(92.14519pt, 430.00462pt, 92.14519pt)
* v-part:(T,H,B)=(95.39737pt, 556.47656pt, 143.09605pt)
* \paperwidth=614.295pt
* \paperheight=794.96999pt
* \textwidth=430.00462pt
* \textheight=556.47656pt
* \oddsidemargin=19.8752pt
* \evensidemargin=19.8752pt
* \topmargin=-13.87262pt
* \headheight=12.0pt
* \headsep=25.0pt
* \topskip=10.0pt
* \footskip=30.0pt
* \marginparwidth=96.0pt
* \marginparsep=11.0pt
* \columnsep=10.0pt
* \skip\footins=9.0pt plus 4.0pt minus 2.0pt
* \hoffset=0.0pt
* \voffset=0.0pt
* \mag=1000
* \@twocolumnfalse
* \@twosidefalse
* \@mparswitchfalse
* \@reversemargintrue
* (1in=72.27pt=25.4mm, 1cm=28.453pt)

\AtBeginShipoutBox=\box52
Package hyperref Info: Link coloring OFF on input line 48.
("C:\Program Files\MiKTeX 2.9\tex\latex\hyperref\nameref.sty"
Package: nameref 2016/05/21 v2.44 Cross-referencing by name of section

("C:\Program Files\MiKTeX 2.9\tex\generic\oberdiek\gettitlestring.sty"
Package: gettitlestring 2016/05/16 v1.5 Cleanup title references (HO)
)
\c@section@level=\count119
)
LaTeX Info: Redefining \ref on input line 48.
LaTeX Info: Redefining \pageref on input line 48.
LaTeX Info: Redefining \nameref on input line 48.

(GroupReportDNSC6211_Group2.out) (GroupReportDNSC6211_Group2.out)
\@outlinefile=\write3
\openout3 = `GroupReportDNSC6211_Group2.out'.

Package caption Info: Begin \AtBeginDocument code.
Package caption Info: End \AtBeginDocument code.

("C:\Program Files\MiKTeX 2.9\tex\context\base\supp-pdf.mkii"
[Loading MPS to PDF converter (version 2006.09.02).]
\scratchcounter=\count120
\scratchdimen=\dimen136
\scratchbox=\box53
\nofMPsegments=\count121
\nofMParguments=\count122
\everyMPshowfont=\toks18
\MPscratchCnt=\count123
\MPscratchDim=\dimen137
\MPnumerator=\count124
\makeMPintoPDFobject=\count125
\everyMPtoPDFconversion=\toks19
)
LaTeX Font Info:    External font `cmex10' loaded for size
(Font)              <12> on input line 52.
LaTeX Font Info:    External font `cmex10' loaded for size
(Font)              <8> on input line 52.
LaTeX Font Info:    External font `cmex10' loaded for size
(Font)              <6> on input line 52.
 [1

{C:/ProgramData/MiKTeX/2.9/pdftex/config/pdftex.map}]
(GroupReportDNSC6211_Group2.toc
LaTeX Font Info:    External font `cmex10' loaded for size
(Font)              <9> on input line 5.
LaTeX Font Info:    External font `cmex10' loaded for size
(Font)              <5> on input line 5.
)
\tf@toc=\write4
\openout4 = `GroupReportDNSC6211_Group2.toc'.

 [2] [3]
<group2workflowv2.jpeg, id=83, 921.4425pt x 417.81094pt>
File: group2workflowv2.jpeg Graphic file (type jpg)

<use group2workflowv2.jpeg>
Package pdftex.def Info: group2workflowv2.jpeg used on input line 111.
(pdftex.def)             Requested size: 460.72012pt x 208.90495pt.

Overfull \hbox (30.7155pt too wide) in paragraph at lines 111--112
 [][] 
 []

[4 <./group2workflowv2.jpeg>]
<DataTable.jpg, id=89, 702.37407pt x 822.82407pt>
File: DataTable.jpg Graphic file (type jpg)
 <use DataTable.jpg>
Package pdftex.def Info: DataTable.jpg used on input line 142.
(pdftex.def)             Requested size: 351.18617pt x 411.41103pt.

<TwitterAnalysis1.jpeg, id=90, 1606.0pt x 1069.9975pt>
File: TwitterAnalysis1.jpeg Graphic file (type jpg)

<use TwitterAnalysis1.jpeg>
Package pdftex.def Info: TwitterAnalysis1.jpeg used on input line 148.
(pdftex.def)             Requested size: 321.19432pt x 213.99571pt.


LaTeX Warning: `!h' float specifier changed to `!ht'.

<TwitterAnalysis2.jpeg, id=91, 1606.0pt x 1069.9975pt>
File: TwitterAnalysis2.jpeg Graphic file (type jpg)

<use TwitterAnalysis2.jpeg>
Package pdftex.def Info: TwitterAnalysis2.jpeg used on input line 154.
(pdftex.def)             Requested size: 321.19432pt x 213.99571pt.


LaTeX Warning: `!h' float specifier changed to `!ht'.

<HillarySLR.jpeg, id=92, 1606.0pt x 295.1025pt>
File: HillarySLR.jpeg Graphic file (type jpg)
 <use HillarySLR.jpeg>
Package pdftex.def Info: HillarySLR.jpeg used on input line 160.
(pdftex.def)             Requested size: 481.80373pt x 88.53142pt.

Overfull \hbox (51.7991pt too wide) in paragraph at lines 160--161
 [][] 
 []


LaTeX Warning: `!h' float specifier changed to `!ht'.

<TrumpSLR.jpeg, id=93, 1606.0pt x 295.1025pt>
File: TrumpSLR.jpeg Graphic file (type jpg)
 <use TrumpSLR.jpeg>
Package pdftex.def Info: TrumpSLR.jpeg used on input line 166.
(pdftex.def)             Requested size: 481.80373pt x 88.53142pt.

Overfull \hbox (51.7991pt too wide) in paragraph at lines 166--167
 [][] 
 []


LaTeX Warning: `!h' float specifier changed to `!ht'.

<HillaryStepwiseRegression.jpeg, id=94, 410.53375pt x 214.8025pt>
File: HillaryStepwiseRegression.jpeg Graphic file (type jpg)

<use HillaryStepwiseRegression.jpeg>
Package pdftex.def Info: HillaryStepwiseRegression.jpeg used on input line 172.

(pdftex.def)             Requested size: 287.37166pt x 150.36072pt.

<TrumpStepwiseRegression.jpeg, id=95, 851.18pt x 487.8225pt>
File: TrumpStepwiseRegression.jpeg Graphic file (type jpg)

<use TrumpStepwiseRegression.jpeg>
Package pdftex.def Info: TrumpStepwiseRegression.jpeg used on input line 178.
(pdftex.def)             Requested size: 340.46596pt x 195.12553pt.

<HillaryBootstrap.jpeg, id=96, 491.8375pt x 321.2pt>
File: HillaryBootstrap.jpeg Graphic file (type jpg)

<use HillaryBootstrap.jpeg>
Package pdftex.def Info: HillaryBootstrap.jpeg used on input line 184.
(pdftex.def)             Requested size: 344.28389pt x 224.83847pt.

<TrumpBootstrap.jpeg, id=97, 469.755pt x 307.1475pt>
File: TrumpBootstrap.jpeg Graphic file (type jpg)
 <use TrumpBootstrap.jpeg>
Package pdftex.def Info: TrumpBootstrap.jpeg used on input line 190.
(pdftex.def)             Requested size: 328.82626pt x 215.00177pt.

<CorrelationMatrix.jpeg, id=98, 1606.0pt x 291.0875pt>
File: CorrelationMatrix.jpeg Graphic file (type jpg)

<use CorrelationMatrix.jpeg>
Package pdftex.def Info: CorrelationMatrix.jpeg used on input line 196.
(pdftex.def)             Requested size: 481.80373pt x 87.32692pt.

Overfull \hbox (51.7991pt too wide) in paragraph at lines 196--197
 [][] 
 []

<ClintonModel.jpeg, id=99, 1006.76125pt x 761.84625pt>
File: ClintonModel.jpeg Graphic file (type jpg)
 <use ClintonModel.jpeg>
Package pdftex.def Info: ClintonModel.jpeg used on input line 202.
(pdftex.def)             Requested size: 302.0307pt x 228.55563pt.

<TrumpModel.jpeg, id=100, 1061.9675pt x 777.90625pt>
File: TrumpModel.jpeg Graphic file (type jpg)
 <use TrumpModel.jpeg>
Package pdftex.def Info: TrumpModel.jpeg used on input line 208.
(pdftex.def)             Requested size: 318.5927pt x 233.37367pt.

<HillaryVerification.jpeg, id=101, 803.0pt x 553.06625pt>
File: HillaryVerification.jpeg Graphic file (type jpg)

<use HillaryVerification.jpeg>
Package pdftex.def Info: HillaryVerification.jpeg used on input line 214.
(pdftex.def)             Requested size: 401.49902pt x 276.53244pt.

<TrumpVerification.jpeg, id=102, 803.0pt x 553.06625pt>
File: TrumpVerification.jpeg Graphic file (type jpg)

<use TrumpVerification.jpeg>
Package pdftex.def Info: TrumpVerification.jpeg used on input line 220.
(pdftex.def)             Requested size: 401.49902pt x 276.53244pt.

<StepwiseClinton.jpeg, id=103, 609.27625pt x 426.59375pt>
File: StepwiseClinton.jpeg Graphic file (type jpg)

<use StepwiseClinton.jpeg>
Package pdftex.def Info: StepwiseClinton.jpeg used on input line 226.
(pdftex.def)             Requested size: 304.63737pt x 213.29634pt.

<StepwiseTrump.jpeg, id=104, 609.27625pt x 426.59375pt>
File: StepwiseTrump.jpeg Graphic file (type jpg)

<use StepwiseTrump.jpeg>
Package pdftex.def Info: StepwiseTrump.jpeg used on input line 232.
(pdftex.def)             Requested size: 304.63737pt x 213.29634pt.

<ModelPredictionMap.jpeg, id=105, 702.625pt x 451.6875pt>
File: ModelPredictionMap.jpeg Graphic file (type jpg)

<use ModelPredictionMap.jpeg>
Package pdftex.def Info: ModelPredictionMap.jpeg used on input line 238.
(pdftex.def)             Requested size: 351.31163pt x 225.84319pt.
 <ActualMap.jpeg, id=106, 702.625pt x 451.6875pt>
File: ActualMap.jpeg Graphic file (type jpg)

<use ActualMap.jpeg>
Package pdftex.def Info: ActualMap.jpeg used on input line 244.
(pdftex.def)             Requested size: 351.31163pt x 225.84319pt.
 [5 <./DataTable.jpg>] [6 <./TwitterAnalysis1.jpeg> <./TwitterAnalysis2.jpeg>] 
[7 <./HillarySLR.jpeg> <./TrumpSLR.jpeg> <./HillaryStepwiseRegression.jpeg>] [8
 <./TrumpStepwiseRegression.jpeg> <./HillaryBootstrap.jpeg>] [9 <./TrumpBootstr
ap.jpeg> <./CorrelationMatrix.jpeg>] [10 <./ClintonModel.jpeg> <./TrumpModel.jp
eg>] [11 <./HillaryVerification.jpeg>] [12 <./TrumpVerification.jpeg> <./Stepwi
seClinton.jpeg>] [13 <./StepwiseTrump.jpeg> <./ModelPredictionMap.jpeg>] [14 <.
/ActualMap.jpeg>] [15

]
Package atveryend Info: Empty hook `BeforeClearDocument' on input line 344.
 [16]
Package atveryend Info: Empty hook `AfterLastShipout' on input line 344.
 (GroupReportDNSC6211_Group2.aux)
Package atveryend Info: Executing hook `AtVeryEndDocument' on input line 344.
Package atveryend Info: Executing hook `AtEndAfterFileList' on input line 344.
Package rerunfilecheck Info: File `GroupReportDNSC6211_Group2.out' has not chan
ged.
(rerunfilecheck)             Checksum: 47D84321BDBCDD49C0B8E241E5B8F10E;637.
Package atveryend Info: Empty hook `AtVeryVeryEnd' on input line 344.
 )
(\end occurred inside a group at level 1)

### simple group (level 1) entered at line 54 ({)
### bottom level 
Here is how much of TeX's memory you used:
 7016 strings out of 493334
 108180 string characters out of 3139248
 202120 words of memory out of 3000000
 10435 multiletter control sequences out of 15000+200000
 8807 words of font info for 31 fonts, out of 3000000 for 9000
 1141 hyphenation exceptions out of 8191
 36i,6n,39p,1670b,384s stack positions out of 5000i,500n,10000p,200000b,50000s
<C:/Program Files/MiKTeX 2.9/fonts/type1/public/amsfonts/cm/cmb
x12.pfb><C:/Program Files/MiKTeX 2.9/fonts/type1/public/amsfonts/cm/cmbx9.pfb><
C:/Program Files/MiKTeX 2.9/fonts/type1/public/amsfonts/cm/cmr10.pfb><C:/Progra
m Files/MiKTeX 2.9/fonts/type1/public/amsfonts/cm/cmr12.pfb><C:/Program Files/M
iKTeX 2.9/fonts/type1/public/amsfonts/cm/cmr17.pfb><C:/Program Files/MiKTeX 2.9
/fonts/type1/public/amsfonts/cm/cmr9.pfb>
Output written on GroupReportDNSC6211_Group2.pdf (16 pages, 2705015 bytes).
PDF statistics:
 209 PDF objects out of 1000 (max. 8388607)
 49 named destinations out of 1000 (max. 500000)
 192 words of extra memory for PDF output out of 10000 (max. 10000000)

